2025-11-19 11:34:35 - INFO - Configuration saved
2025-11-19 11:34:35 - INFO - Accelerator device: cuda
2025-11-19 11:34:35 - INFO - Mixed precision: fp16
2025-11-19 11:34:35 - INFO - Num processes: 1
2025-11-19 11:34:35 - INFO - Loading tokenizers...
2025-11-19 11:34:36 - INFO - Loading noise scheduler...
2025-11-19 11:34:36 - INFO - Loading VAE...
2025-11-19 11:34:36 - INFO - ✓ VAE loaded
2025-11-19 11:34:36 - INFO - Loading text encoders...
2025-11-19 11:34:38 - INFO - ✓ Text encoders loaded
2025-11-19 11:34:38 - INFO - Loading UNet...
2025-11-19 11:34:39 - INFO - ✓ Gradient checkpointing enabled
2025-11-19 11:34:39 - INFO - ✓ xformers memory-efficient attention enabled
2025-11-19 11:34:39 - INFO - ✓ UNet loaded
2025-11-19 11:34:39 - INFO - Applying LoRA (rank=16)...
2025-11-19 11:34:40 - INFO - ✓ LoRA applied
2025-11-19 11:34:40 - INFO - Loading dataset: lambdalabs/naruto-blip-captions
2025-11-19 11:34:44 - INFO - Dataset loaded: 1221 images
2025-11-19 11:34:44 - INFO - Caching latents for 1221 images...
2025-11-19 11:34:44 - INFO - ✓ Latent caching complete
2025-11-19 11:34:44 - INFO - ✓ Dataloader ready: 1221 training samples
2025-11-19 11:34:44 - INFO - ✓ VAE offloaded (latents cached)
2025-11-19 11:34:44 - INFO - Using 8-bit Adam optimizer
2025-11-19 11:34:44 - INFO - ✓ Optimizer and scheduler configured
2025-11-19 11:34:44 - INFO - ================================================================================
2025-11-19 11:34:44 - INFO - STARTING TRAINING
2025-11-19 11:34:44 - INFO - ================================================================================
2025-11-19 11:34:44 - INFO -   Num examples: 1221
2025-11-19 11:34:44 - INFO -   Num epochs: 10
2025-11-19 11:34:44 - INFO -   Batch size per device: 1
2025-11-19 11:34:44 - INFO -   Gradient accumulation steps: 4
2025-11-19 11:34:44 - INFO -   Total optimization steps: 2000
2025-11-19 11:34:44 - INFO -   Resolution: 1024x1024
2025-11-19 11:34:44 - INFO -   LoRA rank: 16
2025-11-19 11:34:44 - INFO -   Learning rate: 0.0001
2025-11-19 11:34:44 - INFO - ================================================================================
