2025-11-19 15:02:01 - INFO - Configuration saved
2025-11-19 15:02:01 - INFO - Accelerator device: cuda
2025-11-19 15:02:01 - INFO - Mixed precision: fp16
2025-11-19 15:02:01 - INFO - Num processes: 1
2025-11-19 15:02:01 - INFO - Loading tokenizers...
2025-11-19 15:02:02 - INFO - Loading noise scheduler...
2025-11-19 15:02:02 - INFO - Loading VAE...
2025-11-19 15:02:03 - INFO - ✓ VAE loaded
2025-11-19 15:02:03 - INFO - Loading text encoders...
2025-11-19 15:02:04 - INFO - ✓ Text encoders loaded
2025-11-19 15:02:04 - INFO - Loading UNet...
2025-11-19 15:02:05 - INFO - ✓ Gradient checkpointing enabled
2025-11-19 15:02:05 - INFO - ✓ UNet loaded
2025-11-19 15:02:05 - INFO - Applying LoRA (rank=16)...
2025-11-19 15:02:05 - INFO - ✓ LoRA applied
2025-11-19 15:02:05 - INFO - Loading dataset: lambdalabs/naruto-blip-captions
2025-11-19 15:02:08 - INFO - Dataset loaded: 1221 images
2025-11-19 15:02:08 - INFO - Caching latents for 1221 images...
2025-11-19 15:02:08 - INFO - ✓ Latent caching complete
2025-11-19 15:02:08 - INFO - ✓ Dataloader ready: 1221 training samples
2025-11-19 15:02:08 - INFO - ✓ VAE offloaded (latents cached)
2025-11-19 15:02:08 - INFO - ✓ Optimizer and scheduler configured
2025-11-19 15:02:10 - INFO - ================================================================================
2025-11-19 15:02:10 - INFO - STARTING TRAINING
2025-11-19 15:02:10 - INFO - ================================================================================
2025-11-19 15:02:10 - INFO -   Num examples: 1221
2025-11-19 15:02:10 - INFO -   Num epochs: 10
2025-11-19 15:02:10 - INFO -   Batch size per device: 1
2025-11-19 15:02:10 - INFO -   Gradient accumulation steps: 4
2025-11-19 15:02:10 - INFO -   Total optimization steps: 2000
2025-11-19 15:02:10 - INFO -   Resolution: 1024x1024
2025-11-19 15:02:10 - INFO -   LoRA rank: 16
2025-11-19 15:02:10 - INFO -   Learning rate: 0.0001
2025-11-19 15:02:10 - INFO - ================================================================================
